0 info it worked if it ends with ok
1 verbose cli [ 'node',
1 verbose cli   '/usr/local/bin/npm',
1 verbose cli   'i',
1 verbose cli   '-g',
1 verbose cli   'browserify',
1 verbose cli   'react-tools' ]
2 info using npm@1.4.28
3 info using node@v0.10.33
4 verbose cache add [ 'browserify', null ]
5 verbose cache add name=undefined spec="browserify" args=["browserify",null]
6 verbose parsed url { protocol: null,
6 verbose parsed url   slashes: null,
6 verbose parsed url   auth: null,
6 verbose parsed url   host: null,
6 verbose parsed url   port: null,
6 verbose parsed url   hostname: null,
6 verbose parsed url   hash: null,
6 verbose parsed url   search: null,
6 verbose parsed url   query: null,
6 verbose parsed url   pathname: 'browserify',
6 verbose parsed url   path: 'browserify',
6 verbose parsed url   href: 'browserify' }
7 verbose cache add [ 'react-tools', null ]
8 verbose cache add name=undefined spec="react-tools" args=["react-tools",null]
9 verbose parsed url { protocol: null,
9 verbose parsed url   slashes: null,
9 verbose parsed url   auth: null,
9 verbose parsed url   host: null,
9 verbose parsed url   port: null,
9 verbose parsed url   hostname: null,
9 verbose parsed url   hash: null,
9 verbose parsed url   search: null,
9 verbose parsed url   query: null,
9 verbose parsed url   pathname: 'react-tools',
9 verbose parsed url   path: 'react-tools',
9 verbose parsed url   href: 'react-tools' }
10 silly lockFile 84c1c54e-browserify browserify
11 verbose lock browserify /Users/tommy/.npm/84c1c54e-browserify.lock
12 silly lockFile 0f761efe-react-tools react-tools
13 verbose lock react-tools /Users/tommy/.npm/0f761efe-react-tools.lock
14 silly lockFile 84c1c54e-browserify browserify
15 silly lockFile 84c1c54e-browserify browserify
16 silly lockFile 0f761efe-react-tools react-tools
17 silly lockFile 0f761efe-react-tools react-tools
18 verbose addNamed [ 'browserify', '' ]
19 verbose addNamed [ null, '*' ]
20 silly lockFile 80140245-browserify browserify@
21 verbose lock browserify@ /Users/tommy/.npm/80140245-browserify.lock
22 verbose addNamed [ 'react-tools', '' ]
23 verbose addNamed [ null, '*' ]
24 silly lockFile 47fcd5e0-react-tools react-tools@
25 verbose lock react-tools@ /Users/tommy/.npm/47fcd5e0-react-tools.lock
26 silly addNameRange { name: 'browserify', range: '*', hasData: false }
27 verbose request where is /browserify
28 verbose request registry https://registry.npmjs.org/
29 verbose request id ffb1558d24492928
30 verbose url raw /browserify
31 verbose url resolving [ 'https://registry.npmjs.org/', './browserify' ]
32 verbose url resolved https://registry.npmjs.org/browserify
33 verbose request where is https://registry.npmjs.org/browserify
34 info trying registry request attempt 1 at 17:55:01
35 http GET https://registry.npmjs.org/browserify
36 silly addNameRange { name: 'react-tools', range: '*', hasData: false }
37 verbose request where is /react-tools
38 verbose request registry https://registry.npmjs.org/
39 verbose url raw /react-tools
40 verbose url resolving [ 'https://registry.npmjs.org/', './react-tools' ]
41 verbose url resolved https://registry.npmjs.org/react-tools
42 verbose request where is https://registry.npmjs.org/react-tools
43 info trying registry request attempt 1 at 17:55:01
44 verbose etag "DCVN3PH3L0BU1WFJYJG0ZD7Z7"
45 http GET https://registry.npmjs.org/react-tools
46 http 304 https://registry.npmjs.org/react-tools
47 silly registry.get cb [ 304,
47 silly registry.get   { date: 'Sun, 14 Dec 2014 23:55:02 GMT',
47 silly registry.get     server: 'Apache',
47 silly registry.get     via: '1.1 varnish',
47 silly registry.get     'last-modified': 'Sun, 14 Dec 2014 23:55:02 GMT',
47 silly registry.get     'cache-control': 'max-age=60',
47 silly registry.get     etag: '"DCVN3PH3L0BU1WFJYJG0ZD7Z7"',
47 silly registry.get     age: '0',
47 silly registry.get     'x-served-by': 'cache-ord1733-ORD',
47 silly registry.get     'x-cache': 'HIT',
47 silly registry.get     'x-cache-hits': '1',
47 silly registry.get     'x-timer': 'S1418601302.655750,VS0,VE132',
47 silly registry.get     vary: 'Accept',
47 silly registry.get     'content-length': '0',
47 silly registry.get     'keep-alive': 'timeout=10, max=50',
47 silly registry.get     connection: 'Keep-Alive' } ]
48 verbose etag https://registry.npmjs.org/react-tools from cache
49 silly addNameRange number 2 { name: 'react-tools', range: '*', hasData: true }
50 silly addNameRange versions [ 'react-tools',
50 silly addNameRange   [ '0.3.0',
50 silly addNameRange     '0.3.1',
50 silly addNameRange     '0.3.2',
50 silly addNameRange     '0.3.3',
50 silly addNameRange     '0.4.0',
50 silly addNameRange     '0.4.1',
50 silly addNameRange     '0.5.0',
50 silly addNameRange     '0.5.1',
50 silly addNameRange     '0.4.2',
50 silly addNameRange     '0.5.2',
50 silly addNameRange     '0.8.0',
50 silly addNameRange     '0.9.0-rc1',
50 silly addNameRange     '0.9.0',
50 silly addNameRange     '0.10.0-rc1',
50 silly addNameRange     '0.10.0',
50 silly addNameRange     '0.11.0-rc1',
50 silly addNameRange     '0.11.0',
50 silly addNameRange     '0.11.1',
50 silly addNameRange     '0.11.2',
50 silly addNameRange     '0.12.0-rc1',
50 silly addNameRange     '0.12.0',
50 silly addNameRange     '0.12.1' ] ]
51 verbose addNamed [ 'react-tools', '0.12.1' ]
52 verbose addNamed [ '0.12.1', '0.12.1' ]
53 silly lockFile a591857b-react-tools-0-12-1 react-tools@0.12.1
54 verbose lock react-tools@0.12.1 /Users/tommy/.npm/a591857b-react-tools-0-12-1.lock
55 silly lockFile a591857b-react-tools-0-12-1 react-tools@0.12.1
56 silly lockFile a591857b-react-tools-0-12-1 react-tools@0.12.1
57 silly lockFile 47fcd5e0-react-tools react-tools@
58 silly lockFile 47fcd5e0-react-tools react-tools@
59 http 200 https://registry.npmjs.org/browserify
60 silly registry.get cb [ 200,
60 silly registry.get   { date: 'Sun, 14 Dec 2014 23:55:03 GMT',
60 silly registry.get     server: 'CouchDB/1.5.0 (Erlang OTP/R16B03)',
60 silly registry.get     etag: '"8RRXAWT78GM0HLDNCBUS50XD6"',
60 silly registry.get     'content-type': 'application/json',
60 silly registry.get     'cache-control': 'max-age=60',
60 silly registry.get     'content-length': '740996',
60 silly registry.get     'accept-ranges': 'bytes',
60 silly registry.get     via: '1.1 varnish',
60 silly registry.get     age: '0',
60 silly registry.get     'x-served-by': 'cache-ord1721-ORD',
60 silly registry.get     'x-cache': 'HIT',
60 silly registry.get     'x-cache-hits': '1',
60 silly registry.get     'x-timer': 'S1418601302.932265,VS0,VE268',
60 silly registry.get     vary: 'Accept',
60 silly registry.get     'keep-alive': 'timeout=10, max=50',
60 silly registry.get     connection: 'Keep-Alive' } ]
61 silly addNameRange number 2 { name: 'browserify', range: '*', hasData: true }
62 silly addNameRange versions [ 'browserify',
62 silly addNameRange   [ '0.0.1',
62 silly addNameRange     '0.0.2',
62 silly addNameRange     '0.0.3',
62 silly addNameRange     '0.0.4',
62 silly addNameRange     '0.0.5',
62 silly addNameRange     '0.1.0',
62 silly addNameRange     '0.1.1',
62 silly addNameRange     '0.1.2',
62 silly addNameRange     '0.1.3',
62 silly addNameRange     '0.1.4',
62 silly addNameRange     '0.1.5',
62 silly addNameRange     '0.2.0',
62 silly addNameRange     '0.2.1',
62 silly addNameRange     '0.2.2',
62 silly addNameRange     '0.2.3',
62 silly addNameRange     '0.2.4',
62 silly addNameRange     '0.2.5',
62 silly addNameRange     '0.2.6',
62 silly addNameRange     '0.2.7',
62 silly addNameRange     '0.2.8',
62 silly addNameRange     '0.2.9',
62 silly addNameRange     '0.2.10',
62 silly addNameRange     '0.2.11',
62 silly addNameRange     '0.3.0',
62 silly addNameRange     '0.3.1',
62 silly addNameRange     '0.3.2',
62 silly addNameRange     '0.3.3',
62 silly addNameRange     '0.3.4',
62 silly addNameRange     '0.3.5',
62 silly addNameRange     '0.3.6',
62 silly addNameRange     '0.3.7',
62 silly addNameRange     '0.4.0',
62 silly addNameRange     '0.4.1',
62 silly addNameRange     '0.4.2',
62 silly addNameRange     '0.4.3',
62 silly addNameRange     '0.4.4',
62 silly addNameRange     '0.4.5',
62 silly addNameRange     '0.4.6',
62 silly addNameRange     '0.4.7',
62 silly addNameRange     '0.4.8',
62 silly addNameRange     '0.4.9',
62 silly addNameRange     '0.4.10',
62 silly addNameRange     '0.4.11',
62 silly addNameRange     '0.4.12',
62 silly addNameRange     '0.4.13',
62 silly addNameRange     '0.4.14',
62 silly addNameRange     '0.4.15',
62 silly addNameRange     '0.5.0',
62 silly addNameRange     '0.5.1',
62 silly addNameRange     '0.5.2',
62 silly addNameRange     '1.0.0',
62 silly addNameRange     '1.1.0',
62 silly addNameRange     '1.1.1',
62 silly addNameRange     '1.1.2',
62 silly addNameRange     '1.1.3',
62 silly addNameRange     '1.1.4',
62 silly addNameRange     '1.2.0',
62 silly addNameRange     '1.2.1',
62 silly addNameRange     '1.2.2',
62 silly addNameRange     '1.2.3',
62 silly addNameRange     '1.2.4',
62 silly addNameRange     '1.2.5',
62 silly addNameRange     '1.2.6',
62 silly addNameRange     '1.2.7',
62 silly addNameRange     '1.2.8',
62 silly addNameRange     '1.2.9',
62 silly addNameRange     '1.3.0',
62 silly addNameRange     '1.4.0',
62 silly addNameRange     '1.4.1',
62 silly addNameRange     '1.4.2',
62 silly addNameRange     '1.4.3',
62 silly addNameRange     '1.4.4',
62 silly addNameRange     '1.4.5',
62 silly addNameRange     '1.4.6',
62 silly addNameRange     '1.4.7',
62 silly addNameRange     '1.4.8',
62 silly addNameRange     '1.5.0',
62 silly addNameRange     '1.6.0',
62 silly addNameRange     '1.6.1',
62 silly addNameRange     '1.7.0',
62 silly addNameRange     '1.7.1',
62 silly addNameRange     '1.7.2',
62 silly addNameRange     '1.7.3',
62 silly addNameRange     '1.7.4',
62 silly addNameRange     '1.7.5',
62 silly addNameRange     '1.7.6',
62 silly addNameRange     '1.7.7',
62 silly addNameRange     '1.8.0',
62 silly addNameRange     '1.8.1',
62 silly addNameRange     '1.8.2',
62 silly addNameRange     '1.8.3',
62 silly addNameRange     '1.9.0',
62 silly addNameRange     '1.9.1',
62 silly addNameRange     '1.9.2',
62 silly addNameRange     '1.9.3',
62 silly addNameRange     '1.9.4',
62 silly addNameRange     '1.10.0',
62 silly addNameRange     '1.10.1',
62 silly addNameRange     '1.10.2',
62 silly addNameRange     '1.10.3',
62 silly addNameRange     '1.10.4',
62 silly addNameRange     '1.10.5',
62 silly addNameRange     '1.10.6',
62 silly addNameRange     '1.10.7',
62 silly addNameRange     '1.10.8',
62 silly addNameRange     '1.10.9',
62 silly addNameRange     '1.10.11',
62 silly addNameRange     '1.10.12',
62 silly addNameRange     '1.10.13',
62 silly addNameRange     '1.10.14',
62 silly addNameRange     '1.10.15',
62 silly addNameRange     '1.10.16',
62 silly addNameRange     '1.10.17',
62 silly addNameRange     '1.11.0',
62 silly addNameRange     '1.11.1',
62 silly addNameRange     '1.12.0',
62 silly addNameRange     '1.12.1',
62 silly addNameRange     '1.12.2',
62 silly addNameRange     '1.12.3',
62 silly addNameRange     '1.13.0',
62 silly addNameRange     '1.13.1',
62 silly addNameRange     '1.13.2',
62 silly addNameRange     '1.13.3',
62 silly addNameRange     '1.13.4',
62 silly addNameRange     '1.13.5',
62 silly addNameRange     '1.13.6',
62 silly addNameRange     '1.13.8',
62 silly addNameRange     '1.13.9',
62 silly addNameRange     '1.13.10',
62 silly addNameRange     '1.14.0',
62 silly addNameRange     '1.14.1',
62 silly addNameRange     '1.14.2',
62 silly addNameRange     '1.14.3',
62 silly addNameRange     '1.14.4',
62 silly addNameRange     '1.14.5',
62 silly addNameRange     '1.15.0',
62 silly addNameRange     '1.15.1',
62 silly addNameRange     '1.15.2',
62 silly addNameRange     '1.15.3',
62 silly addNameRange     '1.15.4',
62 silly addNameRange     '1.15.5',
62 silly addNameRange     '1.15.6',
62 silly addNameRange     '1.16.0',
62 silly addNameRange     '1.16.1',
62 silly addNameRange     '1.16.2',
62 silly addNameRange     '1.16.3',
62 silly addNameRange     '1.16.4',
62 silly addNameRange     '1.16.5',
62 silly addNameRange     '1.16.6',
62 silly addNameRange     '1.16.7',
62 silly addNameRange     '1.16.8',
62 silly addNameRange     '1.17.0',
62 silly addNameRange     '1.17.1',
62 silly addNameRange     '1.17.2',
62 silly addNameRange     '1.17.3',
62 silly addNameRange     '1.18.0',
62 silly addNameRange     '2.0.0',
62 silly addNameRange     '2.0.1',
62 silly addNameRange     '2.1.0',
62 silly addNameRange     '2.2.0',
62 silly addNameRange     '2.2.1',
62 silly addNameRange     '2.2.2',
62 silly addNameRange     '2.2.3',
62 silly addNameRange     '2.2.4',
62 silly addNameRange     '2.2.5',
62 silly addNameRange     '2.2.6',
62 silly addNameRange     '2.3.0',
62 silly addNameRange     '2.3.1',
62 silly addNameRange     '2.4.0',
62 silly addNameRange     '2.4.1',
62 silly addNameRange     '2.4.2',
62 silly addNameRange     '2.4.3',
62 silly addNameRange     '2.5.0',
62 silly addNameRange     '2.5.1',
62 silly addNameRange     '2.6.0',
62 silly addNameRange     '2.6.1',
62 silly addNameRange     '2.7.0',
62 silly addNameRange     '2.7.1',
62 silly addNameRange     '2.7.2',
62 silly addNameRange     '2.7.3',
62 silly addNameRange     '2.7.4',
62 silly addNameRange     '2.8.0',
62 silly addNameRange     '2.8.1',
62 silly addNameRange     '2.9.0',
62 silly addNameRange     '2.10.0',
62 silly addNameRange     '2.10.1',
62 silly addNameRange     '2.10.2',
62 silly addNameRange     '2.11.0',
62 silly addNameRange     '2.12.0',
62 silly addNameRange     '2.12.1',
62 silly addNameRange     '2.12.2',
62 silly addNameRange     '2.12.3',
62 silly addNameRange     '2.12.4',
62 silly addNameRange     '2.12.5',
62 silly addNameRange     '2.13.0',
62 silly addNameRange     '2.13.1',
62 silly addNameRange     '2.13.2',
62 silly addNameRange     '2.13.3',
62 silly addNameRange     '2.14.0',
62 silly addNameRange     '2.14.1',
62 silly addNameRange     '2.14.2',
62 silly addNameRange     '2.15.0',
62 silly addNameRange     '2.16.0',
62 silly addNameRange     '2.17.0',
62 silly addNameRange     '2.17.1',
62 silly addNameRange     '2.17.2',
62 silly addNameRange     '2.17.3',
62 silly addNameRange     '2.17.4',
62 silly addNameRange     '2.18.0',
62 silly addNameRange     '2.18.1',
62 silly addNameRange     '2.19.0',
62 silly addNameRange     '2.20.0',
62 silly addNameRange     '2.20.1',
62 silly addNameRange     '2.20.2',
62 silly addNameRange     '2.21.0',
62 silly addNameRange     '2.22.0',
62 silly addNameRange     '2.23.0',
62 silly addNameRange     '2.23.1',
62 silly addNameRange     '2.24.0',
62 silly addNameRange     '2.24.1',
62 silly addNameRange     '2.24.2',
62 silly addNameRange     '2.24.3',
62 silly addNameRange     '2.25.0',
62 silly addNameRange     '2.25.1',
62 silly addNameRange     '2.26.0',
62 silly addNameRange     '2.27.0',
62 silly addNameRange     '2.27.1',
62 silly addNameRange     '2.28.0',
62 silly addNameRange     '2.29.0',
62 silly addNameRange     '2.29.1',
62 silly addNameRange     '2.30.0',
62 silly addNameRange     '2.31.0',
62 silly addNameRange     '2.32.0',
62 silly addNameRange     '2.32.1',
62 silly addNameRange     '2.32.2',
62 silly addNameRange     '2.32.3',
62 silly addNameRange     '2.32.4',
62 silly addNameRange     '2.33.0',
62 silly addNameRange     '2.33.1',
62 silly addNameRange     '2.34.0',
62 silly addNameRange     '2.34.1',
62 silly addNameRange     '2.34.2',
62 silly addNameRange     '2.34.3',
62 silly addNameRange     '2.35.0',
62 silly addNameRange     '2.35.1',
62 silly addNameRange     '2.35.2',
62 silly addNameRange     '2.35.3',
62 silly addNameRange     '2.35.4',
62 silly addNameRange     '2.36.0',
62 silly addNameRange     '2.36.1',
62 silly addNameRange     '3.0.0',
62 silly addNameRange     '3.1.0',
62 silly addNameRange     '3.1.1',
62 silly addNameRange     '3.1.2',
62 silly addNameRange     '3.1.3',
62 silly addNameRange     '3.2.0',
62 silly addNameRange     '3.2.1',
62 silly addNameRange     '3.2.2',
62 silly addNameRange     '3.3.0',
62 silly addNameRange     '3.4.0',
62 silly addNameRange     '3.4.1',
62 silly addNameRange     '3.5.0',
62 silly addNameRange     '3.6.0',
62 silly addNameRange     '3.7.0',
62 silly addNameRange     '3.8.0',
62 silly addNameRange     '3.8.1',
62 silly addNameRange     '3.9.0',
62 silly addNameRange     '3.9.1',
62 silly addNameRange     '3.10.0',
62 silly addNameRange     '3.11.0',
62 silly addNameRange     '3.11.1',
62 silly addNameRange     '3.12.0',
62 silly addNameRange     '3.13.0',
62 silly addNameRange     '3.14.0',
62 silly addNameRange     '3.14.1',
62 silly addNameRange     '3.16.0',
62 silly addNameRange     '3.16.1',
62 silly addNameRange     '3.17.0',
62 silly addNameRange     '3.18.0',
62 silly addNameRange     '3.19.0',
62 silly addNameRange     '3.19.1',
62 silly addNameRange     '3.20.0',
62 silly addNameRange     '3.20.1',
62 silly addNameRange     '3.20.2',
62 silly addNameRange     '3.21.0',
62 silly addNameRange     '3.21.1',
62 silly addNameRange     '3.22.0',
62 silly addNameRange     '3.22.1',
62 silly addNameRange     '3.23.0',
62 silly addNameRange     '3.23.1',
62 silly addNameRange     '3.24.0',
62 silly addNameRange     '3.24.1',
62 silly addNameRange     '3.24.2',
62 silly addNameRange     '3.24.3',
62 silly addNameRange     '3.24.4',
62 silly addNameRange     '3.24.5',
62 silly addNameRange     '3.24.6',
62 silly addNameRange     '3.24.7',
62 silly addNameRange     '3.24.8',
62 silly addNameRange     '3.24.9',
62 silly addNameRange     '3.24.10',
62 silly addNameRange     '3.24.11',
62 silly addNameRange     '3.24.13',
62 silly addNameRange     '3.25.0',
62 silly addNameRange     '3.25.1',
62 silly addNameRange     '3.25.2',
62 silly addNameRange     '3.26.0',
62 silly addNameRange     '3.27.0',
62 silly addNameRange     '3.27.1',
62 silly addNameRange     '3.28.0',
62 silly addNameRange     '3.28.1',
62 silly addNameRange     '3.28.2',
62 silly addNameRange     '3.29.0',
62 silly addNameRange     '3.29.1',
62 silly addNameRange     '3.30.0',
62 silly addNameRange     '3.30.1',
62 silly addNameRange     '3.30.2',
62 silly addNameRange     '3.30.3',
62 silly addNameRange     '3.30.4',
62 silly addNameRange     '3.31.0',
62 silly addNameRange     '3.31.1',
62 silly addNameRange     '3.31.2',
62 silly addNameRange     '3.32.0',
62 silly addNameRange     '3.32.1',
62 silly addNameRange     '3.33.0',
62 silly addNameRange     '3.33.1',
62 silly addNameRange     '3.34.0',
62 silly addNameRange     '3.35.0',
62 silly addNameRange     '3.36.0',
62 silly addNameRange     '3.36.1',
62 silly addNameRange     '3.37.0',
62 silly addNameRange     '3.37.1',
62 silly addNameRange     '3.37.2',
62 silly addNameRange     '3.38.0',
62 silly addNameRange     '3.38.1',
62 silly addNameRange     '3.39.0',
62 silly addNameRange     '3.40.0',
62 silly addNameRange     '3.40.1',
62 silly addNameRange     '3.40.2',
62 silly addNameRange     '3.40.3',
62 silly addNameRange     '3.40.4',
62 silly addNameRange     '3.41.0',
62 silly addNameRange     '3.42.0',
62 silly addNameRange     '3.43.0',
62 silly addNameRange     '3.44.0',
62 silly addNameRange     '3.44.1',
62 silly addNameRange     '3.44.2',
62 silly addNameRange     '3.45.0',
62 silly addNameRange     '3.46.0',
62 silly addNameRange     '3.46.1',
62 silly addNameRange     '4.0.0',
62 silly addNameRange     '4.1.0',
62 silly addNameRange     '4.1.1',
62 silly addNameRange     '4.1.2',
62 silly addNameRange     '4.1.3',
62 silly addNameRange     '4.1.4',
62 silly addNameRange     '4.1.5',
62 silly addNameRange     '4.1.6',
62 silly addNameRange     '4.1.7',
62 silly addNameRange     '4.1.8',
62 silly addNameRange     '4.1.9',
62 silly addNameRange     '4.1.10',
62 silly addNameRange     '4.1.11',
62 silly addNameRange     '4.2.0',
62 silly addNameRange     '4.2.1',
62 silly addNameRange     '4.2.2',
62 silly addNameRange     '4.2.3',
62 silly addNameRange     '5.0.0',
62 silly addNameRange     '5.0.1',
62 silly addNameRange     '5.0.2',
62 silly addNameRange     '5.0.3',
62 silly addNameRange     '5.0.4',
62 silly addNameRange     '5.0.5',
62 silly addNameRange     '5.0.6',
62 silly addNameRange     '5.0.7',
62 silly addNameRange     '5.0.8',
62 silly addNameRange     '5.1.0',
62 silly addNameRange     '5.1.1',
62 silly addNameRange     '5.2.0',
62 silly addNameRange     '5.2.1',
62 silly addNameRange     '5.3.0',
62 silly addNameRange     '5.4.0',
62 silly addNameRange     '5.4.1',
62 silly addNameRange     '5.4.2',
62 silly addNameRange     '5.5.0',
62 silly addNameRange     '5.6.0',
62 silly addNameRange     '5.6.1',
62 silly addNameRange     '5.7.0',
62 silly addNameRange     '5.8.0',
62 silly addNameRange     '5.9.0',
62 silly addNameRange     '5.9.1',
62 silly addNameRange     '5.9.2',
62 silly addNameRange     '5.9.3',
62 silly addNameRange     '5.10.0',
62 silly addNameRange     '5.10.1',
62 silly addNameRange     '5.11.0',
62 silly addNameRange     '5.11.1',
62 silly addNameRange     '5.11.2',
62 silly addNameRange     '5.12.0',
62 silly addNameRange     '5.12.1',
62 silly addNameRange     '5.12.2',
62 silly addNameRange     '5.13.0',
62 silly addNameRange     '5.13.1',
62 silly addNameRange     '6.0.0',
62 silly addNameRange     '6.0.1',
62 silly addNameRange     '6.0.2',
62 silly addNameRange     '6.0.3',
62 silly addNameRange     '6.1.0',
62 silly addNameRange     '6.1.1',
62 silly addNameRange     '6.1.2',
62 silly addNameRange     '6.2.0',
62 silly addNameRange     '6.3.0',
62 silly addNameRange     '6.3.1',
62 silly addNameRange     '6.3.2',
62 silly addNameRange     '6.3.3',
62 silly addNameRange     '6.3.4',
62 silly addNameRange     '7.0.0',
62 silly addNameRange     '7.0.1' ] ]
63 verbose addNamed [ 'browserify', '7.0.1' ]
64 verbose addNamed [ '7.0.1', '7.0.1' ]
65 silly lockFile bb8bd551-browserify-7-0-1 browserify@7.0.1
66 verbose lock browserify@7.0.1 /Users/tommy/.npm/bb8bd551-browserify-7-0-1.lock
67 silly lockFile 1d4b7d14--browserify-browserify-7-0-1-tgz https://registry.npmjs.org/browserify/-/browserify-7.0.1.tgz
68 verbose lock https://registry.npmjs.org/browserify/-/browserify-7.0.1.tgz /Users/tommy/.npm/1d4b7d14--browserify-browserify-7-0-1-tgz.lock
69 verbose addRemoteTarball [ 'https://registry.npmjs.org/browserify/-/browserify-7.0.1.tgz',
69 verbose addRemoteTarball   '2720a5d7151a518ead77c2a9d6a9e0d09ffaa85f' ]
70 info retry fetch attempt 1 at 17:55:05
71 verbose fetch to= /var/folders/8v/lk7_f45x20g5yr5nqkby8xvr0000gn/T/npm-8968-GF_GrvHV/registry.npmjs.org/browserify/-/browserify-7.0.1.tgz
72 http GET https://registry.npmjs.org/browserify/-/browserify-7.0.1.tgz
73 http 200 https://registry.npmjs.org/browserify/-/browserify-7.0.1.tgz
74 silly lockFile 1d4b7d14--browserify-browserify-7-0-1-tgz https://registry.npmjs.org/browserify/-/browserify-7.0.1.tgz
75 silly lockFile 1d4b7d14--browserify-browserify-7-0-1-tgz https://registry.npmjs.org/browserify/-/browserify-7.0.1.tgz
76 silly lockFile bb8bd551-browserify-7-0-1 browserify@7.0.1
77 silly lockFile bb8bd551-browserify-7-0-1 browserify@7.0.1
78 silly lockFile 80140245-browserify browserify@
79 silly lockFile 80140245-browserify browserify@
80 silly resolved [ { name: 'react-tools',
80 silly resolved     description: 'A set of complementary tools to React, including the JSX transformer.',
80 silly resolved     version: '0.12.1',
80 silly resolved     keywords: [ 'react', 'jsx', 'transformer', 'view' ],
80 silly resolved     homepage: 'http://facebook.github.io/react',
80 silly resolved     bugs: { url: 'https://github.com/facebook/react/issues' },
80 silly resolved     license: 'BSD-3-Clause',
80 silly resolved     files: [ 'main.js', 'bin/jsx', 'src/', 'vendor/fbtransform/' ],
80 silly resolved     main: 'main.js',
80 silly resolved     bin: { jsx: './bin/jsx' },
80 silly resolved     repository: { type: 'git', url: 'https://github.com/facebook/react' },
80 silly resolved     dependencies: { commoner: '^0.10.0', jstransform: '^8.2.0' },
80 silly resolved     devDependencies:
80 silly resolved      { benchmark: '~1.0.0',
80 silly resolved        browserify: '^6.1.0',
80 silly resolved        coverify: '~1.0.4',
80 silly resolved        derequire: '^1.2.0',
80 silly resolved        envify: '^3.0.0',
80 silly resolved        es3ify: '~0.1.2',
80 silly resolved        'es5-shim': '^4.0.0',
80 silly resolved        grunt: '~0.4.2',
80 silly resolved        'grunt-cli': '~0.1.9',
80 silly resolved        'grunt-compare-size': '~0.4.0',
80 silly resolved        'grunt-contrib-clean': '^0.6.0',
80 silly resolved        'grunt-contrib-compress': '^0.12.0',
80 silly resolved        'grunt-contrib-connect': '~0.6.0',
80 silly resolved        'grunt-contrib-copy': '^0.6.0',
80 silly resolved        'grunt-contrib-jshint': '^0.10.0',
80 silly resolved        'gzip-js': '~0.3.2',
80 silly resolved        'jasmine-tapreporter': '~0.2.2',
80 silly resolved        'jest-cli': '~0.1.5',
80 silly resolved        lodash: '~2.4.1',
80 silly resolved        optimist: '~0.6.0',
80 silly resolved        phantomjs: '~1.9',
80 silly resolved        platform: '^1.1.0',
80 silly resolved        populist: '~0.1.6',
80 silly resolved        recast: '^0.7.2',
80 silly resolved        'sauce-tunnel': '~1.1.0',
80 silly resolved        tmp: '~0.0.18',
80 silly resolved        'uglify-js': '~2.4.0',
80 silly resolved        uglifyify: '^2.4.0',
80 silly resolved        wd: '~0.2.6' },
80 silly resolved     engines: { node: '>=0.10.0' },
80 silly resolved     preferGlobal: true,
80 silly resolved     commonerConfig: { version: 4 },
80 silly resolved     scripts: { test: 'grunt test', jest: 'jest' },
80 silly resolved     jest:
80 silly resolved      { rootDir: '',
80 silly resolved        scriptPreprocessor: 'jest/preprocessor.js',
80 silly resolved        setupEnvScriptFile: 'jest/environment.js',
80 silly resolved        modulePathIgnorePatterns: [Object],
80 silly resolved        testPathIgnorePatterns: [Object],
80 silly resolved        unmockedModulePathPatterns: [Object] },
80 silly resolved     _id: 'react-tools@0.12.1',
80 silly resolved     _shasum: 'cd016e2f1b80d35a6006100305c068925e25e3d2',
80 silly resolved     _resolved: 'https://registry.npmjs.org/react-tools/-/react-tools-0.12.1.tgz',
80 silly resolved     _from: 'react-tools@',
80 silly resolved     _npmVersion: '1.4.21',
80 silly resolved     _npmUser: { name: 'jeffmo', email: 'jeff@anafx.com' },
80 silly resolved     maintainers: [ [Object], [Object] ],
80 silly resolved     dist:
80 silly resolved      { shasum: 'cd016e2f1b80d35a6006100305c068925e25e3d2',
80 silly resolved        tarball: 'http://registry.npmjs.org/react-tools/-/react-tools-0.12.1.tgz' },
80 silly resolved     directories: {},
80 silly resolved     readme: 'ERROR: No README data found!' },
80 silly resolved   { name: 'browserify',
80 silly resolved     version: '7.0.1',
80 silly resolved     description: 'browser-side require() the node way',
80 silly resolved     main: 'index.js',
80 silly resolved     bin: { browserify: 'bin/cmd.js' },
80 silly resolved     repository:
80 silly resolved      { type: 'git',
80 silly resolved        url: 'http://github.com/substack/node-browserify.git' },
80 silly resolved     keywords:
80 silly resolved      [ 'browser',
80 silly resolved        'require',
80 silly resolved        'commonjs',
80 silly resolved        'commonj-esque',
80 silly resolved        'bundle',
80 silly resolved        'npm',
80 silly resolved        'javascript' ],
80 silly resolved     dependencies:
80 silly resolved      { JSONStream: '~0.8.3',
80 silly resolved        assert: '~1.1.0',
80 silly resolved        'browser-pack': '^3.2.0',
80 silly resolved        'browser-resolve': '^1.3.0',
80 silly resolved        'browserify-zlib': '~0.1.2',
80 silly resolved        buffer: '^2.3.0',
80 silly resolved        builtins: '~0.0.3',
80 silly resolved        commondir: '0.0.1',
80 silly resolved        'concat-stream': '~1.4.1',
80 silly resolved        'console-browserify': '^1.1.0',
80 silly resolved        'constants-browserify': '~0.0.1',
80 silly resolved        'crypto-browserify': '^3.0.0',
80 silly resolved        'deep-equal': '~0.2.1',
80 silly resolved        defined: '~0.0.0',
80 silly resolved        'deps-sort': '^1.3.5',
80 silly resolved        'domain-browser': '~1.1.0',
80 silly resolved        duplexer2: '~0.0.2',
80 silly resolved        events: '~1.0.0',
80 silly resolved        glob: '^4.0.5',
80 silly resolved        'http-browserify': '^1.4.0',
80 silly resolved        'https-browserify': '~0.0.0',
80 silly resolved        inherits: '~2.0.1',
80 silly resolved        'insert-module-globals': '^6.1.0',
80 silly resolved        isarray: '0.0.1',
80 silly resolved        'labeled-stream-splicer': '^1.0.0',
80 silly resolved        'module-deps': '^3.6.3',
80 silly resolved        'os-browserify': '~0.1.1',
80 silly resolved        parents: '~0.0.1',
80 silly resolved        'path-browserify': '~0.0.0',
80 silly resolved        process: '^0.8.0',
80 silly resolved        punycode: '~1.2.3',
80 silly resolved        'querystring-es3': '~0.2.0',
80 silly resolved        'readable-stream': '^1.0.33-1',
80 silly resolved        resolve: '~0.7.1',
80 silly resolved        'shallow-copy': '0.0.1',
80 silly resolved        shasum: '^1.0.0',
80 silly resolved        'shell-quote': '~0.0.1',
80 silly resolved        'stream-browserify': '^1.0.0',
80 silly resolved        string_decoder: '~0.10.0',
80 silly resolved        subarg: '^1.0.0',
80 silly resolved        'syntax-error': '^1.1.1',
80 silly resolved        through2: '^1.0.0',
80 silly resolved        'timers-browserify': '^1.0.1',
80 silly resolved        'tty-browserify': '~0.0.0',
80 silly resolved        umd: '~2.1.0',
80 silly resolved        url: '~0.10.1',
80 silly resolved        util: '~0.10.1',
80 silly resolved        'vm-browserify': '~0.0.1',
80 silly resolved        xtend: '^3.0.0' },
80 silly resolved     devDependencies:
80 silly resolved      { backbone: '~0.9.2',
80 silly resolved        'browser-unpack': '~0.0.0',
80 silly resolved        'coffee-script': '~1.5.0',
80 silly resolved        coffeeify: '~0.6.0',
80 silly resolved        dnode: '~1.0.3',
80 silly resolved        es6ify: '~0.4.8',
80 silly resolved        mkdirp: '~0.3.3',
80 silly resolved        osenv: '^0.1.0',
80 silly resolved        seq: '0.3.3',
80 silly resolved        tap: '~0.4.0',
80 silly resolved        through: '^2.3.4' },
80 silly resolved     author:
80 silly resolved      { name: 'James Halliday',
80 silly resolved        email: 'mail@substack.net',
80 silly resolved        url: 'http://substack.net' },
80 silly resolved     scripts: { test: 'tap test/*.js' },
80 silly resolved     license: 'MIT',
80 silly resolved     gitHead: 'ded72b7ac207aae93aa8714bb50d97c9126c66bd',
80 silly resolved     bugs: { url: 'https://github.com/substack/node-browserify/issues' },
80 silly resolved     homepage: 'https://github.com/substack/node-browserify',
80 silly resolved     _id: 'browserify@7.0.1',
80 silly resolved     _shasum: '2720a5d7151a518ead77c2a9d6a9e0d09ffaa85f',
80 silly resolved     _from: 'browserify@',
80 silly resolved     _npmVersion: '2.1.12',
80 silly resolved     _nodeVersion: '0.10.31',
80 silly resolved     _npmUser: { name: 'substack', email: 'mail@substack.net' },
80 silly resolved     maintainers: [ [Object], [Object], [Object], [Object], [Object], [Object] ],
80 silly resolved     dist:
80 silly resolved      { shasum: '2720a5d7151a518ead77c2a9d6a9e0d09ffaa85f',
80 silly resolved        tarball: 'http://registry.npmjs.org/browserify/-/browserify-7.0.1.tgz' },
80 silly resolved     directories: {},
80 silly resolved     _resolved: 'https://registry.npmjs.org/browserify/-/browserify-7.0.1.tgz' } ]
81 info install react-tools@0.12.1 into /usr/local/lib
82 info install browserify@7.0.1 into /usr/local/lib
83 info installOne react-tools@0.12.1
84 info installOne browserify@7.0.1
85 verbose lib/node_modules/react-tools unbuild
86 verbose tar unpack /Users/tommy/.npm/react-tools/0.12.1/package.tgz
87 silly lockFile 5a40cc9f-cal-lib-node-modules-react-tools tar:///usr/local/lib/node_modules/react-tools
88 verbose lock tar:///usr/local/lib/node_modules/react-tools /Users/tommy/.npm/5a40cc9f-cal-lib-node-modules-react-tools.lock
89 silly lockFile 50e7395b-m-react-tools-0-12-1-package-tgz tar:///Users/tommy/.npm/react-tools/0.12.1/package.tgz
90 verbose lock tar:///Users/tommy/.npm/react-tools/0.12.1/package.tgz /Users/tommy/.npm/50e7395b-m-react-tools-0-12-1-package-tgz.lock
91 verbose lib/node_modules/browserify unbuild
92 silly gunzTarPerm modes [ '755', '644' ]
93 verbose tar unpack /Users/tommy/.npm/browserify/7.0.1/package.tgz
94 silly lockFile 1b5a9d3b-ocal-lib-node-modules-browserify tar:///usr/local/lib/node_modules/browserify
95 verbose lock tar:///usr/local/lib/node_modules/browserify /Users/tommy/.npm/1b5a9d3b-ocal-lib-node-modules-browserify.lock
96 silly lockFile 3cd06a55-npm-browserify-7-0-1-package-tgz tar:///Users/tommy/.npm/browserify/7.0.1/package.tgz
97 verbose lock tar:///Users/tommy/.npm/browserify/7.0.1/package.tgz /Users/tommy/.npm/3cd06a55-npm-browserify-7-0-1-package-tgz.lock
98 silly gunzTarPerm modes [ '755', '644' ]
99 error Error: EACCES, mkdir '/usr/local/lib/node_modules/react-tools'
99 error  { [Error: EACCES, mkdir '/usr/local/lib/node_modules/react-tools']
99 error   errno: 3,
99 error   code: 'EACCES',
99 error   path: '/usr/local/lib/node_modules/react-tools',
99 error   fstream_type: 'Directory',
99 error   fstream_path: '/usr/local/lib/node_modules/react-tools',
99 error   fstream_class: 'DirWriter',
99 error   fstream_stack:
99 error    [ '/usr/local/lib/node_modules/npm/node_modules/fstream/lib/dir-writer.js:36:23',
99 error      '/usr/local/lib/node_modules/npm/node_modules/mkdirp/index.js:46:53',
99 error      'Object.oncomplete (fs.js:107:15)' ] }
100 error Please try running this command again as root/Administrator.
101 error System Darwin 14.0.0
102 error command "node" "/usr/local/bin/npm" "i" "-g" "browserify" "react-tools"
103 error cwd /Users/tommy/src/coding-exercise
104 error node -v v0.10.33
105 error npm -v 1.4.28
106 error path /usr/local/lib/node_modules/react-tools
107 error fstream_path /usr/local/lib/node_modules/react-tools
108 error fstream_type Directory
109 error fstream_class DirWriter
110 error code EACCES
111 error errno 3
112 error stack Error: EACCES, mkdir '/usr/local/lib/node_modules/react-tools'
113 error fstream_stack /usr/local/lib/node_modules/npm/node_modules/fstream/lib/dir-writer.js:36:23
113 error fstream_stack /usr/local/lib/node_modules/npm/node_modules/mkdirp/index.js:46:53
113 error fstream_stack Object.oncomplete (fs.js:107:15)
114 verbose exit [ 3, true ]
